2024.09.09 16:13:59 INFO  Started: Metals version 1.3.5 in folders '/Users/luzm/git/compilerdesign/homework_scala/semantic_analysis' for client Visual Studio Code 1.92.2.
SLF4J(W): Class path contains multiple SLF4J providers.
SLF4J(W): Found provider [scribe.slf4j.ScribeServiceProvider@4f494e2b]
SLF4J(W): Found provider [ch.qos.logback.classic.spi.LogbackServiceProvider@245e1d4d]
SLF4J(W): See https://www.slf4j.org/codes.html#multiple_bindings for an explanation.
SLF4J(I): Actual provider is of type [scribe.slf4j.ScribeServiceProvider@4f494e2b]
2024.09.09 16:13:59 WARN  Flyway upgrade recommended: H2 2.3.230 is newer than this version of Flyway and support has not been tested. The latest supported version of H2 is 2.2.220.
Sep 09, 2024 4:14:00 PM org.eclipse.lsp4j.jsonrpc.services.GenericEndpoint notify
INFO: Unsupported notification method: $/setTrace
2024.09.09 16:14:20 INFO  no build target found for /Users/luzm/git/compilerdesign/homework_scala/semantic_analysis/src/main/scala/sutd/compiler/Applicative.scala. Using presentation compiler with project's scala-library version: 3.3.3
2024.09.09 16:14:22 INFO  no build target found for /Users/luzm/git/compilerdesign/homework_scala/semantic_analysis/src/main/scala/sutd/compiler/Applicative.scala. Using presentation compiler with project's scala-library version: 3.3.3
2024.09.09 16:14:22 INFO  no build target found for /Users/luzm/git/compilerdesign/homework_scala/semantic_analysis/src/main/scala/sutd/compiler/AlgorithmW.scala. Using presentation compiler with project's scala-library version: 3.3.3
2024.09.09 16:14:24 INFO  no build target found for /Users/luzm/git/compilerdesign/homework_scala/semantic_analysis/src/main/scala/sutd/compiler/AlgorithmW.scala. Using presentation compiler with project's scala-library version: 3.3.3
2024.09.09 16:14:24 INFO  no build target found for /Users/luzm/git/compilerdesign/homework_scala/semantic_analysis/src/main/scala/sutd/compiler/LambdaCalculus.scala. Using presentation compiler with project's scala-library version: 3.3.3
2024.09.09 16:14:24 INFO  no build target found for /Users/luzm/git/compilerdesign/homework_scala/semantic_analysis/src/main/scala/sutd/compiler/LambdaCalculus.scala. Using presentation compiler with project's scala-library version: 3.3.3
2024.09.09 16:14:25 INFO  no build target found for /Users/luzm/git/compilerdesign/homework_scala/semantic_analysis/src/main/scala/sutd/compiler/Monad.scala. Using presentation compiler with project's scala-library version: 3.3.3
2024.09.09 16:14:27 INFO  no build target found for /Users/luzm/git/compilerdesign/homework_scala/semantic_analysis/src/main/scala/sutd/compiler/Monad.scala. Using presentation compiler with project's scala-library version: 3.3.3
2024.09.09 16:14:27 INFO  no build target found for /Users/luzm/git/compilerdesign/homework_scala/semantic_analysis/src/main/scala/sutd/compiler/SmallStepEval.scala. Using presentation compiler with project's scala-library version: 3.3.3
2024.09.09 16:14:29 INFO  no build target found for /Users/luzm/git/compilerdesign/homework_scala/semantic_analysis/src/main/scala/sutd/compiler/SmallStepEval.scala. Using presentation compiler with project's scala-library version: 3.3.3
2024.09.09 16:14:29 INFO  no build target found for /Users/luzm/git/compilerdesign/homework_scala/semantic_analysis/src/main/scala/sutd/compiler/Util.scala. Using presentation compiler with project's scala-library version: 3.3.3
2024.09.09 16:14:31 INFO  no build target found for /Users/luzm/git/compilerdesign/homework_scala/semantic_analysis/src/main/scala/sutd/compiler/Util.scala. Using presentation compiler with project's scala-library version: 3.3.3
2024.09.09 16:14:31 INFO  no build target found for /Users/luzm/git/compilerdesign/homework_scala/semantic_analysis/src/main/scala/sutd/compiler/StateT.scala. Using presentation compiler with project's scala-library version: 3.3.3
2024.09.09 16:14:32 INFO  no build target found for /Users/luzm/git/compilerdesign/homework_scala/semantic_analysis/src/main/scala/sutd/compiler/StateT.scala. Using presentation compiler with project's scala-library version: 3.3.3
2024.09.09 16:14:32 INFO  no build target found for /Users/luzm/git/compilerdesign/homework_scala/semantic_analysis/src/main/scala/sutd/compiler/SmallStepEval.scala. Using presentation compiler with project's scala-library version: 3.3.3
2024.09.09 16:14:40 INFO  no build target found for /Users/luzm/git/compilerdesign/homework_scala/semantic_analysis/src/main/scala/sutd/compiler/SmallStepEval.scala. Using presentation compiler with project's scala-library version: 3.3.3
2024.09.09 16:14:40 INFO  no build target found for /Users/luzm/git/compilerdesign/homework_scala/semantic_analysis/src/main/scala/sutd/compiler/Monad.scala. Using presentation compiler with project's scala-library version: 3.3.3
2024.09.09 16:14:40 INFO  no build target found for /Users/luzm/git/compilerdesign/homework_scala/semantic_analysis/src/main/scala/sutd/compiler/Monad.scala. Using presentation compiler with project's scala-library version: 3.3.3
2024.09.09 16:14:41 INFO  no build target found for /Users/luzm/git/compilerdesign/homework_scala/semantic_analysis/src/main/scala/sutd/compiler/LambdaCalculus.scala. Using presentation compiler with project's scala-library version: 3.3.3
2024.09.09 16:14:50 INFO  no build target found for /Users/luzm/git/compilerdesign/homework_scala/semantic_analysis/src/main/scala/sutd/compiler/LambdaCalculus.scala. Using presentation compiler with project's scala-library version: 3.3.3
2024.09.09 16:31:34 INFO  no build target found for /Users/luzm/git/compilerdesign/homework_scala/semantic_analysis/src/main/scala/sutd/compiler/LambdaCalculus.scala. Using presentation compiler with project's scala-library version: 3.3.3
2024.09.09 16:31:34 INFO  no build target found for /Users/luzm/git/compilerdesign/homework_scala/semantic_analysis/src/main/scala/sutd/compiler/LambdaCalculus.scala. Using presentation compiler with project's scala-library version: 3.3.3
2024.09.09 16:32:24 INFO  no build target found for /Users/luzm/git/compilerdesign/homework_scala/semantic_analysis/src/main/scala/sutd/compiler/LambdaCalculus.scala. Using presentation compiler with project's scala-library version: 3.3.3
2024.09.09 16:35:03 INFO  no build target found for /Users/luzm/git/compilerdesign/homework_scala/semantic_analysis/src/main/scala/sutd/compiler/LambdaCalculus.scala. Using presentation compiler with project's scala-library version: 3.3.3
2024.09.09 16:35:03 INFO  no build target found for /Users/luzm/git/compilerdesign/homework_scala/semantic_analysis/src/main/scala/sutd/compiler/SmallStepEval.scala. Using presentation compiler with project's scala-library version: 3.3.3
2024.09.09 16:36:13 INFO  no build target found for /Users/luzm/git/compilerdesign/homework_scala/semantic_analysis/src/main/scala/sutd/compiler/SmallStepEval.scala. Using presentation compiler with project's scala-library version: 3.3.3
2024.09.09 16:36:13 INFO  no build target found for /Users/luzm/git/compilerdesign/homework_scala/semantic_analysis/src/main/scala/sutd/compiler/StateT.scala. Using presentation compiler with project's scala-library version: 3.3.3
2024.09.09 16:36:15 INFO  no build target found for /Users/luzm/git/compilerdesign/homework_scala/semantic_analysis/src/main/scala/sutd/compiler/StateT.scala. Using presentation compiler with project's scala-library version: 3.3.3
2024.09.09 16:36:15 INFO  no build target found for /Users/luzm/git/compilerdesign/homework_scala/semantic_analysis/src/main/scala/sutd/compiler/SmallStepEval.scala. Using presentation compiler with project's scala-library version: 3.3.3
2024.09.09 16:36:18 INFO  no build target found for /Users/luzm/git/compilerdesign/homework_scala/semantic_analysis/src/main/scala/sutd/compiler/SmallStepEval.scala. Using presentation compiler with project's scala-library version: 3.3.3
2024.09.09 16:36:18 INFO  no build target found for /Users/luzm/git/compilerdesign/homework_scala/semantic_analysis/src/main/scala/sutd/compiler/SmallStepEval.scala. Using presentation compiler with project's scala-library version: 3.3.3
2024.09.09 16:36:19 INFO  no build target found for /Users/luzm/git/compilerdesign/homework_scala/semantic_analysis/src/main/scala/sutd/compiler/SmallStepEval.scala. Using presentation compiler with project's scala-library version: 3.3.3
2024.09.09 16:36:48 INFO  no build target found for /Users/luzm/git/compilerdesign/homework_scala/semantic_analysis/src/main/scala/sutd/compiler/SmallStepEval.scala. Using presentation compiler with project's scala-library version: 3.3.3
2024.09.09 16:36:48 INFO  no build target found for /Users/luzm/git/compilerdesign/homework_scala/semantic_analysis/src/main/scala/sutd/compiler/AlgorithmW.scala. Using presentation compiler with project's scala-library version: 3.3.3
2024.09.09 16:36:49 INFO  no build target found for /Users/luzm/git/compilerdesign/homework_scala/semantic_analysis/src/main/scala/sutd/compiler/AlgorithmW.scala. Using presentation compiler with project's scala-library version: 3.3.3
2024.09.09 16:36:51 INFO  no build target found for /Users/luzm/git/compilerdesign/homework_scala/semantic_analysis/src/main/scala/sutd/compiler/AlgorithmW.scala. Using presentation compiler with project's scala-library version: 3.3.3
2024.09.09 16:37:04 INFO  no build target found for /Users/luzm/git/compilerdesign/homework_scala/semantic_analysis/src/main/scala/sutd/compiler/AlgorithmW.scala. Using presentation compiler with project's scala-library version: 3.3.3
2024.09.09 16:37:04 INFO  no build target found for /Users/luzm/git/compilerdesign/homework_scala/semantic_analysis/src/main/scala/sutd/compiler/LambdaCalculus.scala. Using presentation compiler with project's scala-library version: 3.3.3
2024.09.09 16:37:04 INFO  no build target found for /Users/luzm/git/compilerdesign/homework_scala/semantic_analysis/src/main/scala/sutd/compiler/LambdaCalculus.scala. Using presentation compiler with project's scala-library version: 3.3.3
2024.09.09 16:37:06 INFO  no build target found for /Users/luzm/git/compilerdesign/homework_scala/semantic_analysis/src/main/scala/sutd/compiler/LambdaCalculus.scala. Using presentation compiler with project's scala-library version: 3.3.3
2024.09.09 16:37:13 INFO  no build target found for /Users/luzm/git/compilerdesign/homework_scala/semantic_analysis/src/main/scala/sutd/compiler/LambdaCalculus.scala. Using presentation compiler with project's scala-library version: 3.3.3
2024.09.09 16:37:13 INFO  no build target found for /Users/luzm/git/compilerdesign/homework_scala/semantic_analysis/src/main/scala/sutd/compiler/Monad.scala. Using presentation compiler with project's scala-library version: 3.3.3
2024.09.09 16:37:13 INFO  no build target found for /Users/luzm/git/compilerdesign/homework_scala/semantic_analysis/src/main/scala/sutd/compiler/Monad.scala. Using presentation compiler with project's scala-library version: 3.3.3
2024.09.09 16:37:14 INFO  no build target found for /Users/luzm/git/compilerdesign/homework_scala/semantic_analysis/src/main/scala/sutd/compiler/SmallStepEval.scala. Using presentation compiler with project's scala-library version: 3.3.3
2024.09.09 16:37:15 INFO  no build target found for /Users/luzm/git/compilerdesign/homework_scala/semantic_analysis/src/main/scala/sutd/compiler/SmallStepEval.scala. Using presentation compiler with project's scala-library version: 3.3.3
2024.09.09 16:37:15 INFO  no build target found for /Users/luzm/git/compilerdesign/homework_scala/semantic_analysis/src/main/scala/sutd/compiler/StateT.scala. Using presentation compiler with project's scala-library version: 3.3.3
2024.09.09 16:37:15 INFO  no build target found for /Users/luzm/git/compilerdesign/homework_scala/semantic_analysis/src/main/scala/sutd/compiler/StateT.scala. Using presentation compiler with project's scala-library version: 3.3.3
2024.09.09 16:37:16 INFO  no build target found for /Users/luzm/git/compilerdesign/homework_scala/semantic_analysis/src/main/scala/sutd/compiler/Util.scala. Using presentation compiler with project's scala-library version: 3.3.3
Sep 09, 2024 4:37:16 PM scala.meta.internal.pc.CompilerAccess handleError
SEVERE: A severe compiler error occurred, full details of the error can be found in the error report /Users/luzm/git/compilerdesign/homework_scala/semantic_analysis/.metals/.reports/metals-full/2024-09-09/r_compiler-error_16-37-16-639.md
2024.09.09 16:37:16 WARN  Could not find semantic tokens for: file:///Users/luzm/git/compilerdesign/homework_scala/semantic_analysis/src/main/scala/sutd/compiler/Util.scala
2024.09.09 16:37:18 INFO  no build target found for /Users/luzm/git/compilerdesign/homework_scala/semantic_analysis/src/main/scala/sutd/compiler/Util.scala. Using presentation compiler with project's scala-library version: 3.3.3
2024.09.09 16:38:14 INFO  no build target found for /Users/luzm/git/compilerdesign/homework_scala/semantic_analysis/src/main/scala/sutd/compiler/Util.scala. Using presentation compiler with project's scala-library version: 3.3.3
2024.09.10 09:41:07 INFO  no build target found for /Users/luzm/git/compilerdesign/homework_scala/semantic_analysis/src/main/scala/sutd/compiler/Util.scala. Using presentation compiler with project's scala-library version: 3.3.3
2024.09.10 09:41:22 INFO  no build target found for /Users/luzm/git/compilerdesign/homework_scala/semantic_analysis/src/main/scala/sutd/compiler/Util.scala. Using presentation compiler with project's scala-library version: 3.3.3
2024.09.10 09:41:22 INFO  no build target found for /Users/luzm/git/compilerdesign/homework_scala/semantic_analysis/src/main/scala/sutd/compiler/AlgorithmW.scala. Using presentation compiler with project's scala-library version: 3.3.3
2024.09.10 09:57:38 INFO  no build target found for /Users/luzm/git/compilerdesign/homework_scala/semantic_analysis/src/main/scala/sutd/compiler/AlgorithmW.scala. Using presentation compiler with project's scala-library version: 3.3.3
2024.09.10 09:57:38 INFO  no build target found for /Users/luzm/git/compilerdesign/homework_scala/semantic_analysis/src/main/scala/sutd/compiler/AlgorithmW.scala. Using presentation compiler with project's scala-library version: 3.3.3
2024.09.10 09:57:38 INFO  no build target found for /Users/luzm/git/compilerdesign/homework_scala/semantic_analysis/src/main/scala/sutd/compiler/AlgorithmW.scala. Using presentation compiler with project's scala-library version: 3.3.3
2024.09.10 09:57:59 INFO  no build target found for /Users/luzm/git/compilerdesign/homework_scala/semantic_analysis/src/main/scala/sutd/compiler/AlgorithmW.scala. Using presentation compiler with project's scala-library version: 3.3.3
2024.09.10 09:58:00 INFO  no build target found for /Users/luzm/git/compilerdesign/homework_scala/semantic_analysis/src/main/scala/sutd/compiler/AlgorithmW.scala. Using presentation compiler with project's scala-library version: 3.3.3
2024.09.10 09:58:00 INFO  no build target found for /Users/luzm/git/compilerdesign/homework_scala/semantic_analysis/src/main/scala/sutd/compiler/AlgorithmW.scala. Using presentation compiler with project's scala-library version: 3.3.3
2024.09.10 09:58:00 INFO  no build target found for /Users/luzm/git/compilerdesign/homework_scala/semantic_analysis/src/main/scala/sutd/compiler/AlgorithmW.scala. Using presentation compiler with project's scala-library version: 3.3.3
2024.09.10 09:58:00 INFO  no build target found for /Users/luzm/git/compilerdesign/homework_scala/semantic_analysis/src/main/scala/sutd/compiler/AlgorithmW.scala. Using presentation compiler with project's scala-library version: 3.3.3
2024.09.10 09:58:08 INFO  no build target found for /Users/luzm/git/compilerdesign/homework_scala/semantic_analysis/src/main/scala/sutd/compiler/AlgorithmW.scala. Using presentation compiler with project's scala-library version: 3.3.3
2024.09.10 09:58:15 INFO  no build target found for /Users/luzm/git/compilerdesign/homework_scala/semantic_analysis/src/main/scala/sutd/compiler/AlgorithmW.scala. Using presentation compiler with project's scala-library version: 3.3.3
2024.09.10 09:58:17 INFO  no build target found for /Users/luzm/git/compilerdesign/homework_scala/semantic_analysis/src/main/scala/sutd/compiler/AlgorithmW.scala. Using presentation compiler with project's scala-library version: 3.3.3
2024.09.10 09:58:17 INFO  no build target found for /Users/luzm/git/compilerdesign/homework_scala/semantic_analysis/src/main/scala/sutd/compiler/AlgorithmW.scala. Using presentation compiler with project's scala-library version: 3.3.3
2024.09.10 09:58:25 INFO  no build target found for /Users/luzm/git/compilerdesign/homework_scala/semantic_analysis/src/main/scala/sutd/compiler/AlgorithmW.scala. Using presentation compiler with project's scala-library version: 3.3.3
2024.09.10 09:58:25 INFO  no build target found for /Users/luzm/git/compilerdesign/homework_scala/semantic_analysis/src/main/scala/sutd/compiler/AlgorithmW.scala. Using presentation compiler with project's scala-library version: 3.3.3
2024.09.10 09:58:54 INFO  no build target found for /Users/luzm/git/compilerdesign/homework_scala/semantic_analysis/src/main/scala/sutd/compiler/AlgorithmW.scala. Using presentation compiler with project's scala-library version: 3.3.3
2024.09.10 09:58:54 INFO  no build target found for /Users/luzm/git/compilerdesign/homework_scala/semantic_analysis/src/main/scala/sutd/compiler/AlgorithmW.scala. Using presentation compiler with project's scala-library version: 3.3.3
2024.09.10 09:58:54 INFO  no build target found for /Users/luzm/git/compilerdesign/homework_scala/semantic_analysis/src/main/scala/sutd/compiler/AlgorithmW.scala. Using presentation compiler with project's scala-library version: 3.3.3
2024.09.10 10:02:45 INFO  no build target found for /Users/luzm/git/compilerdesign/homework_scala/semantic_analysis/src/main/scala/sutd/compiler/AlgorithmW.scala. Using presentation compiler with project's scala-library version: 3.3.3
2024.09.10 10:02:45 INFO  no build target found for /Users/luzm/git/compilerdesign/homework_scala/semantic_analysis/src/main/scala/sutd/compiler/AlgorithmW.scala. Using presentation compiler with project's scala-library version: 3.3.3
2024.09.10 10:03:34 INFO  no build target found for /Users/luzm/git/compilerdesign/homework_scala/semantic_analysis/src/main/scala/sutd/compiler/AlgorithmW.scala. Using presentation compiler with project's scala-library version: 3.3.3
2024.09.10 10:03:34 INFO  no build target found for /Users/luzm/git/compilerdesign/homework_scala/semantic_analysis/src/main/scala/sutd/compiler/AlgorithmW.scala. Using presentation compiler with project's scala-library version: 3.3.3
2024.09.10 10:08:16 INFO  no build target found for /Users/luzm/git/compilerdesign/homework_scala/semantic_analysis/src/main/scala/sutd/compiler/AlgorithmW.scala. Using presentation compiler with project's scala-library version: 3.3.3
2024.09.10 10:08:16 INFO  no build target found for /Users/luzm/git/compilerdesign/homework_scala/semantic_analysis/src/main/scala/sutd/compiler/AlgorithmW.scala. Using presentation compiler with project's scala-library version: 3.3.3
2024.09.10 10:13:53 INFO  no build target found for /Users/luzm/git/compilerdesign/homework_scala/semantic_analysis/src/main/scala/sutd/compiler/AlgorithmW.scala. Using presentation compiler with project's scala-library version: 3.3.3
2024.09.10 10:13:53 INFO  no build target found for /Users/luzm/git/compilerdesign/homework_scala/semantic_analysis/src/main/scala/sutd/compiler/AlgorithmW.scala. Using presentation compiler with project's scala-library version: 3.3.3
2024.09.10 10:26:24 INFO  no build target found for /Users/luzm/git/compilerdesign/homework_scala/semantic_analysis/src/main/scala/sutd/compiler/AlgorithmW.scala. Using presentation compiler with project's scala-library version: 3.3.3
2024.09.10 10:35:31 INFO  no build target found for /Users/luzm/git/compilerdesign/homework_scala/semantic_analysis/src/main/scala/sutd/compiler/AlgorithmW.scala. Using presentation compiler with project's scala-library version: 3.3.3
2024.09.10 10:35:33 INFO  no build target found for /Users/luzm/git/compilerdesign/homework_scala/semantic_analysis/src/main/scala/sutd/compiler/AlgorithmW.scala. Using presentation compiler with project's scala-library version: 3.3.3
2024.09.10 10:48:20 INFO  no build target found for /Users/luzm/git/compilerdesign/homework_scala/semantic_analysis/src/main/scala/sutd/compiler/AlgorithmW.scala. Using presentation compiler with project's scala-library version: 3.3.3
2024.09.10 10:48:20 INFO  no build target found for /Users/luzm/git/compilerdesign/homework_scala/semantic_analysis/src/main/scala/sutd/compiler/AlgorithmW.scala. Using presentation compiler with project's scala-library version: 3.3.3
2024.09.10 10:48:20 INFO  no build target found for /Users/luzm/git/compilerdesign/homework_scala/semantic_analysis/src/main/scala/sutd/compiler/AlgorithmW.scala. Using presentation compiler with project's scala-library version: 3.3.3
2024.09.10 10:56:10 INFO  no build target found for /Users/luzm/git/compilerdesign/homework_scala/semantic_analysis/src/main/scala/sutd/compiler/AlgorithmW.scala. Using presentation compiler with project's scala-library version: 3.3.3
2024.09.10 10:56:17 INFO  no build target found for /Users/luzm/git/compilerdesign/homework_scala/semantic_analysis/src/main/scala/sutd/compiler/AlgorithmW.scala. Using presentation compiler with project's scala-library version: 3.3.3
2024.09.10 10:56:17 INFO  no build target found for /Users/luzm/git/compilerdesign/homework_scala/semantic_analysis/src/main/scala/sutd/compiler/AlgorithmW.scala. Using presentation compiler with project's scala-library version: 3.3.3
2024.09.10 10:56:17 INFO  no build target found for /Users/luzm/git/compilerdesign/homework_scala/semantic_analysis/src/main/scala/sutd/compiler/AlgorithmW.scala. Using presentation compiler with project's scala-library version: 3.3.3
2024.09.10 10:56:39 INFO  no build target found for /Users/luzm/git/compilerdesign/homework_scala/semantic_analysis/src/main/scala/sutd/compiler/AlgorithmW.scala. Using presentation compiler with project's scala-library version: 3.3.3
2024.09.10 10:57:50 INFO  no build target found for /Users/luzm/git/compilerdesign/homework_scala/semantic_analysis/src/main/scala/sutd/compiler/AlgorithmW.scala. Using presentation compiler with project's scala-library version: 3.3.3
2024.09.10 10:57:50 INFO  no build target found for /Users/luzm/git/compilerdesign/homework_scala/semantic_analysis/src/main/scala/sutd/compiler/AlgorithmW.scala. Using presentation compiler with project's scala-library version: 3.3.3
2024.09.10 10:57:51 INFO  no build target found for /Users/luzm/git/compilerdesign/homework_scala/semantic_analysis/src/main/scala/sutd/compiler/AlgorithmW.scala. Using presentation compiler with project's scala-library version: 3.3.3
2024.09.10 10:57:56 INFO  no build target found for /Users/luzm/git/compilerdesign/homework_scala/semantic_analysis/src/main/scala/sutd/compiler/AlgorithmW.scala. Using presentation compiler with project's scala-library version: 3.3.3
2024.09.10 10:57:56 INFO  no build target found for /Users/luzm/git/compilerdesign/homework_scala/semantic_analysis/src/main/scala/sutd/compiler/AlgorithmW.scala. Using presentation compiler with project's scala-library version: 3.3.3
2024.09.10 10:58:01 INFO  no build target found for /Users/luzm/git/compilerdesign/homework_scala/semantic_analysis/src/main/scala/sutd/compiler/AlgorithmW.scala. Using presentation compiler with project's scala-library version: 3.3.3
2024.09.10 10:58:01 INFO  no build target found for /Users/luzm/git/compilerdesign/homework_scala/semantic_analysis/src/main/scala/sutd/compiler/AlgorithmW.scala. Using presentation compiler with project's scala-library version: 3.3.3
2024.09.10 10:58:01 INFO  no build target found for /Users/luzm/git/compilerdesign/homework_scala/semantic_analysis/src/main/scala/sutd/compiler/AlgorithmW.scala. Using presentation compiler with project's scala-library version: 3.3.3
2024.09.10 11:05:43 INFO  no build target found for /Users/luzm/git/compilerdesign/homework_scala/semantic_analysis/src/main/scala/sutd/compiler/AlgorithmW.scala. Using presentation compiler with project's scala-library version: 3.3.3
2024.09.10 11:05:43 INFO  no build target found for /Users/luzm/git/compilerdesign/homework_scala/semantic_analysis/src/main/scala/sutd/compiler/AlgorithmW.scala. Using presentation compiler with project's scala-library version: 3.3.3
2024.09.10 11:05:43 INFO  no build target found for /Users/luzm/git/compilerdesign/homework_scala/semantic_analysis/src/main/scala/sutd/compiler/AlgorithmW.scala. Using presentation compiler with project's scala-library version: 3.3.3
2024.09.10 11:05:43 INFO  no build target found for /Users/luzm/git/compilerdesign/homework_scala/semantic_analysis/src/main/scala/sutd/compiler/AlgorithmW.scala. Using presentation compiler with project's scala-library version: 3.3.3
2024.09.10 11:05:45 INFO  no build target found for /Users/luzm/git/compilerdesign/homework_scala/semantic_analysis/src/main/scala/sutd/compiler/AlgorithmW.scala. Using presentation compiler with project's scala-library version: 3.3.3
2024.09.10 11:05:45 INFO  no build target found for /Users/luzm/git/compilerdesign/homework_scala/semantic_analysis/src/main/scala/sutd/compiler/AlgorithmW.scala. Using presentation compiler with project's scala-library version: 3.3.3
2024.09.10 11:05:46 INFO  no build target found for /Users/luzm/git/compilerdesign/homework_scala/semantic_analysis/src/main/scala/sutd/compiler/AlgorithmW.scala. Using presentation compiler with project's scala-library version: 3.3.3
2024.09.10 11:10:32 INFO  no build target found for /Users/luzm/git/compilerdesign/homework_scala/semantic_analysis/src/main/scala/sutd/compiler/AlgorithmW.scala. Using presentation compiler with project's scala-library version: 3.3.3
2024.09.10 11:10:33 INFO  no build target found for /Users/luzm/git/compilerdesign/homework_scala/semantic_analysis/src/main/scala/sutd/compiler/AlgorithmW.scala. Using presentation compiler with project's scala-library version: 3.3.3
2024.09.10 11:10:33 INFO  no build target found for /Users/luzm/git/compilerdesign/homework_scala/semantic_analysis/src/main/scala/sutd/compiler/AlgorithmW.scala. Using presentation compiler with project's scala-library version: 3.3.3
2024.09.10 11:10:33 INFO  no build target found for /Users/luzm/git/compilerdesign/homework_scala/semantic_analysis/src/main/scala/sutd/compiler/AlgorithmW.scala. Using presentation compiler with project's scala-library version: 3.3.3
2024.09.10 11:14:55 INFO  no build target found for /Users/luzm/git/compilerdesign/homework_scala/semantic_analysis/src/main/scala/sutd/compiler/AlgorithmW.scala. Using presentation compiler with project's scala-library version: 3.3.3
2024.09.10 11:14:57 INFO  no build target found for /Users/luzm/git/compilerdesign/homework_scala/semantic_analysis/src/main/scala/sutd/compiler/AlgorithmW.scala. Using presentation compiler with project's scala-library version: 3.3.3
2024.09.10 11:21:09 INFO  no build target found for /Users/luzm/git/compilerdesign/homework_scala/semantic_analysis/src/main/scala/sutd/compiler/AlgorithmW.scala. Using presentation compiler with project's scala-library version: 3.3.3
2024.09.10 11:21:10 INFO  no build target found for /Users/luzm/git/compilerdesign/homework_scala/semantic_analysis/src/main/scala/sutd/compiler/AlgorithmW.scala. Using presentation compiler with project's scala-library version: 3.3.3
2024.09.10 11:21:10 INFO  no build target found for /Users/luzm/git/compilerdesign/homework_scala/semantic_analysis/src/main/scala/sutd/compiler/AlgorithmW.scala. Using presentation compiler with project's scala-library version: 3.3.3
2024.09.10 11:21:10 INFO  no build target found for /Users/luzm/git/compilerdesign/homework_scala/semantic_analysis/src/main/scala/sutd/compiler/AlgorithmW.scala. Using presentation compiler with project's scala-library version: 3.3.3
2024.09.10 11:21:10 INFO  no build target found for /Users/luzm/git/compilerdesign/homework_scala/semantic_analysis/src/main/scala/sutd/compiler/AlgorithmW.scala. Using presentation compiler with project's scala-library version: 3.3.3
2024.09.10 11:21:10 INFO  no build target found for /Users/luzm/git/compilerdesign/homework_scala/semantic_analysis/src/main/scala/sutd/compiler/AlgorithmW.scala. Using presentation compiler with project's scala-library version: 3.3.3
2024.09.10 11:21:10 INFO  no build target found for /Users/luzm/git/compilerdesign/homework_scala/semantic_analysis/src/main/scala/sutd/compiler/AlgorithmW.scala. Using presentation compiler with project's scala-library version: 3.3.3
2024.09.10 11:21:10 INFO  no build target found for /Users/luzm/git/compilerdesign/homework_scala/semantic_analysis/src/main/scala/sutd/compiler/AlgorithmW.scala. Using presentation compiler with project's scala-library version: 3.3.3
2024.09.10 11:21:10 INFO  no build target found for /Users/luzm/git/compilerdesign/homework_scala/semantic_analysis/src/main/scala/sutd/compiler/AlgorithmW.scala. Using presentation compiler with project's scala-library version: 3.3.3
2024.09.10 12:23:58 INFO  no build target found for /Users/luzm/git/compilerdesign/homework_scala/semantic_analysis/src/main/scala/sutd/compiler/AlgorithmW.scala. Using presentation compiler with project's scala-library version: 3.3.3
2024.09.10 12:23:58 INFO  no build target found for /Users/luzm/git/compilerdesign/homework_scala/semantic_analysis/src/main/scala/sutd/compiler/AlgorithmW.scala. Using presentation compiler with project's scala-library version: 3.3.3
2024.09.10 12:24:01 INFO  no build target found for /Users/luzm/git/compilerdesign/homework_scala/semantic_analysis/src/main/scala/sutd/compiler/AlgorithmW.scala. Using presentation compiler with project's scala-library version: 3.3.3
2024.09.10 12:28:36 INFO  no build target found for /Users/luzm/git/compilerdesign/homework_scala/semantic_analysis/src/main/scala/sutd/compiler/AlgorithmW.scala. Using presentation compiler with project's scala-library version: 3.3.3
2024.09.10 12:28:36 INFO  no build target found for /Users/luzm/git/compilerdesign/homework_scala/semantic_analysis/src/main/scala/sutd/compiler/AlgorithmW.scala. Using presentation compiler with project's scala-library version: 3.3.3
2024.09.10 12:29:05 INFO  no build target found for /Users/luzm/git/compilerdesign/homework_scala/semantic_analysis/src/main/scala/sutd/compiler/AlgorithmW.scala. Using presentation compiler with project's scala-library version: 3.3.3
2024.09.10 12:29:05 INFO  no build target found for /Users/luzm/git/compilerdesign/homework_scala/semantic_analysis/src/main/scala/sutd/compiler/AlgorithmW.scala. Using presentation compiler with project's scala-library version: 3.3.3
2024.09.10 12:29:06 INFO  no build target found for /Users/luzm/git/compilerdesign/homework_scala/semantic_analysis/src/main/scala/sutd/compiler/AlgorithmW.scala. Using presentation compiler with project's scala-library version: 3.3.3
2024.09.10 12:29:06 INFO  no build target found for /Users/luzm/git/compilerdesign/homework_scala/semantic_analysis/src/main/scala/sutd/compiler/AlgorithmW.scala. Using presentation compiler with project's scala-library version: 3.3.3
2024.09.10 12:29:08 INFO  no build target found for /Users/luzm/git/compilerdesign/homework_scala/semantic_analysis/src/main/scala/sutd/compiler/AlgorithmW.scala. Using presentation compiler with project's scala-library version: 3.3.3
2024.09.10 12:29:10 INFO  no build target found for /Users/luzm/git/compilerdesign/homework_scala/semantic_analysis/src/main/scala/sutd/compiler/AlgorithmW.scala. Using presentation compiler with project's scala-library version: 3.3.3
2024.09.10 12:29:10 INFO  no build target found for /Users/luzm/git/compilerdesign/homework_scala/semantic_analysis/src/main/scala/sutd/compiler/AlgorithmW.scala. Using presentation compiler with project's scala-library version: 3.3.3
2024.09.10 12:29:11 INFO  no build target found for /Users/luzm/git/compilerdesign/homework_scala/semantic_analysis/src/main/scala/sutd/compiler/AlgorithmW.scala. Using presentation compiler with project's scala-library version: 3.3.3
2024.09.10 12:29:11 INFO  no build target found for /Users/luzm/git/compilerdesign/homework_scala/semantic_analysis/src/main/scala/sutd/compiler/AlgorithmW.scala. Using presentation compiler with project's scala-library version: 3.3.3
2024.09.10 12:30:43 INFO  no build target found for /Users/luzm/git/compilerdesign/homework_scala/semantic_analysis/src/main/scala/sutd/compiler/AlgorithmW.scala. Using presentation compiler with project's scala-library version: 3.3.3
2024.09.10 12:30:43 INFO  no build target found for /Users/luzm/git/compilerdesign/homework_scala/semantic_analysis/src/main/scala/sutd/compiler/AlgorithmW.scala. Using presentation compiler with project's scala-library version: 3.3.3
2024.09.10 12:30:43 INFO  no build target found for /Users/luzm/git/compilerdesign/homework_scala/semantic_analysis/src/main/scala/sutd/compiler/AlgorithmW.scala. Using presentation compiler with project's scala-library version: 3.3.3
Sep 10, 2024 12:30:44 PM org.eclipse.lsp4j.jsonrpc.RemoteEndpoint handleCancellation
WARNING: Unmatched cancel notification for request id 574
2024.09.10 12:30:43 INFO  no build target found for /Users/luzm/git/compilerdesign/homework_scala/semantic_analysis/src/main/scala/sutd/compiler/AlgorithmW.scala. Using presentation compiler with project's scala-library version: 3.3.3
2024.09.10 12:30:45 INFO  no build target found for /Users/luzm/git/compilerdesign/homework_scala/semantic_analysis/src/main/scala/sutd/compiler/AlgorithmW.scala. Using presentation compiler with project's scala-library version: 3.3.3
2024.09.10 12:30:45 INFO  no build target found for /Users/luzm/git/compilerdesign/homework_scala/semantic_analysis/src/main/scala/sutd/compiler/AlgorithmW.scala. Using presentation compiler with project's scala-library version: 3.3.3
2024.09.10 12:30:46 INFO  no build target found for /Users/luzm/git/compilerdesign/homework_scala/semantic_analysis/src/main/scala/sutd/compiler/AlgorithmW.scala. Using presentation compiler with project's scala-library version: 3.3.3
2024.09.10 12:30:46 WARN  no build target for: /Users/luzm/git/compilerdesign/homework_scala/semantic_analysis/src/main/scala/sutd/compiler/AlgorithmW.scala
2024.09.10 12:30:46 INFO  no build target found for /Users/luzm/git/compilerdesign/homework_scala/semantic_analysis/src/main/scala/sutd/compiler/AlgorithmW.scala. Using presentation compiler with project's scala-library version: 3.3.3
2024.09.10 12:31:26 INFO  no build target found for /Users/luzm/git/compilerdesign/homework_scala/semantic_analysis/src/main/scala/sutd/compiler/AlgorithmW.scala. Using presentation compiler with project's scala-library version: 3.3.3
2024.09.10 12:31:29 INFO  no build target found for /Users/luzm/git/compilerdesign/homework_scala/semantic_analysis/src/main/scala/sutd/compiler/AlgorithmW.scala. Using presentation compiler with project's scala-library version: 3.3.3
2024.09.10 12:31:29 INFO  no build target found for /Users/luzm/git/compilerdesign/homework_scala/semantic_analysis/src/test/scala/sutd/compiler/TestAlgorithmW.scala. Using presentation compiler with project's scala-library version: 3.3.3
Sep 10, 2024 12:31:32 PM org.eclipse.lsp4j.jsonrpc.services.GenericEndpoint notify
INFO: Unsupported notification method: $/setTrace
2024.09.10 12:31:38 INFO  no build target found for /Users/luzm/git/compilerdesign/homework_scala/semantic_analysis/src/test/scala/sutd/compiler/TestAlgorithmW.scala. Using presentation compiler with project's scala-library version: 3.3.3
2024.09.10 12:34:54 INFO  no build target found for /Users/luzm/git/compilerdesign/homework_scala/semantic_analysis/src/main/scala/sutd/compiler/AlgorithmW.scala. Using presentation compiler with project's scala-library version: 3.3.3
2024.09.10 12:34:54 INFO  no build target found for /Users/luzm/git/compilerdesign/homework_scala/semantic_analysis/src/main/scala/sutd/compiler/AlgorithmW.scala. Using presentation compiler with project's scala-library version: 3.3.3
2024.09.11 10:21:45 INFO  no build target found for /Users/luzm/git/compilerdesign/homework_scala/semantic_analysis/src/main/scala/sutd/compiler/AlgorithmW.scala. Using presentation compiler with project's scala-library version: 3.3.3
2024.09.11 10:21:45 INFO  no build target found for /Users/luzm/git/compilerdesign/homework_scala/semantic_analysis/src/main/scala/sutd/compiler/AlgorithmW.scala. Using presentation compiler with project's scala-library version: 3.3.3
2024.09.11 10:22:15 INFO  Shutting down server
2024.09.11 10:22:15 INFO  shutting down Metals
2024.09.11 10:22:15 INFO  Exiting server
