2024.09.09 08:41:29 INFO  Started: Metals version 1.3.5 in folders '/Users/luzm/git/compilerdesign/homework_scala/fp_syntax_analysis' for client Visual Studio Code 1.92.2.
SLF4J(W): Class path contains multiple SLF4J providers.
SLF4J(W): Found provider [scribe.slf4j.ScribeServiceProvider@797d572]
SLF4J(W): Found provider [ch.qos.logback.classic.spi.LogbackServiceProvider@29c00682]
SLF4J(W): See https://www.slf4j.org/codes.html#multiple_bindings for an explanation.
SLF4J(I): Actual provider is of type [scribe.slf4j.ScribeServiceProvider@797d572]
2024.09.09 08:41:30 WARN  Flyway upgrade recommended: H2 2.3.230 is newer than this version of Flyway and support has not been tested. The latest supported version of H2 is 2.2.220.
Sep 09, 2024 8:41:31 AM org.eclipse.lsp4j.jsonrpc.services.GenericEndpoint notify
INFO: Unsupported notification method: $/setTrace
2024.09.09 09:08:18 INFO  no build target found for /Users/luzm/git/compilerdesign/homework_scala/fp_syntax_analysis/src/main/scala/sutd/compiler/regexcompile/Parser.scala. Using presentation compiler with project's scala-library version: 3.3.3
2024.09.09 09:08:19 INFO  no build target found for /Users/luzm/git/compilerdesign/homework_scala/fp_syntax_analysis/src/main/scala/sutd/compiler/regexcompile/Parser.scala. Using presentation compiler with project's scala-library version: 3.3.3
2024.09.09 09:08:20 INFO  no build target found for /Users/luzm/git/compilerdesign/homework_scala/fp_syntax_analysis/src/main/scala/sutd/compiler/regexcompile/Parser.scala. Using presentation compiler with project's scala-library version: 3.3.3
2024.09.09 09:13:57 INFO  no build target found for /Users/luzm/git/compilerdesign/homework_scala/fp_syntax_analysis/src/main/scala/sutd/compiler/regexcompile/Parser.scala. Using presentation compiler with project's scala-library version: 3.3.3
2024.09.09 09:14:09 INFO  no build target found for /Users/luzm/git/compilerdesign/homework_scala/fp_syntax_analysis/src/main/scala/sutd/compiler/regexcompile/Parser.scala. Using presentation compiler with project's scala-library version: 3.3.3
2024.09.09 09:14:09 INFO  no build target found for /Users/luzm/git/compilerdesign/homework_scala/fp_syntax_analysis/src/main/scala/sutd/compiler/regexcompile/Parser.scala. Using presentation compiler with project's scala-library version: 3.3.3
2024.09.09 09:14:11 INFO  no build target found for /Users/luzm/git/compilerdesign/homework_scala/fp_syntax_analysis/src/main/scala/sutd/compiler/regexcompile/Parser.scala. Using presentation compiler with project's scala-library version: 3.3.3
2024.09.09 09:14:11 INFO  no build target found for /Users/luzm/git/compilerdesign/homework_scala/fp_syntax_analysis/src/main/scala/sutd/compiler/regexcompile/Lexer.scala. Using presentation compiler with project's scala-library version: 3.3.3
2024.09.09 09:15:19 INFO  no build target found for /Users/luzm/git/compilerdesign/homework_scala/fp_syntax_analysis/src/main/scala/sutd/compiler/regexcompile/Lexer.scala. Using presentation compiler with project's scala-library version: 3.3.3
2024.09.09 09:42:56 INFO  no build target found for /Users/luzm/git/compilerdesign/homework_scala/fp_syntax_analysis/src/main/scala/sutd/compiler/regexcompile/Lexer.scala. Using presentation compiler with project's scala-library version: 3.3.3
Sep 09, 2024 10:30:39 AM org.eclipse.lsp4j.jsonrpc.services.GenericEndpoint notify
INFO: Unsupported notification method: $/setTrace
Sep 09, 2024 10:30:54 AM org.eclipse.lsp4j.jsonrpc.services.GenericEndpoint notify
INFO: Unsupported notification method: $/setTrace
2024.09.09 10:30:54 INFO  no build target found for /Users/luzm/git/compilerdesign/homework_scala/fp_syntax_analysis/src/main/scala/sutd/compiler/regexcompile/Lexer.scala. Using presentation compiler with project's scala-library version: 3.3.3
Sep 09, 2024 10:31:32 AM org.eclipse.lsp4j.jsonrpc.services.GenericEndpoint notify
INFO: Unsupported notification method: $/setTrace
2024.09.09 10:31:32 INFO  no build target found for /Users/luzm/git/compilerdesign/homework_scala/fp_syntax_analysis/src/main/scala/sutd/compiler/regexcompile/Lexer.scala. Using presentation compiler with project's scala-library version: 3.3.3
Sep 09, 2024 10:33:45 AM org.eclipse.lsp4j.jsonrpc.services.GenericEndpoint notify
INFO: Unsupported notification method: $/setTrace
2024.09.09 10:33:46 INFO  no build target found for /Users/luzm/git/compilerdesign/homework_scala/fp_syntax_analysis/src/main/scala/sutd/compiler/regexcompile/Lexer.scala. Using presentation compiler with project's scala-library version: 3.3.3
2024.09.09 10:37:42 INFO  no build target found for /Users/luzm/git/compilerdesign/homework_scala/fp_syntax_analysis/src/main/scala/sutd/compiler/regexcompile/Lexer.scala. Using presentation compiler with project's scala-library version: 3.3.3
2024.09.09 10:37:42 INFO  no build target found for /Users/luzm/git/compilerdesign/homework_scala/fp_syntax_analysis/src/main/scala/sutd/compiler/regexcompile/Lexer.scala. Using presentation compiler with project's scala-library version: 3.3.3
2024.09.09 10:37:42 INFO  no build target found for /Users/luzm/git/compilerdesign/homework_scala/fp_syntax_analysis/src/main/scala/sutd/compiler/regexcompile/Lexer.scala. Using presentation compiler with project's scala-library version: 3.3.3
2024.09.09 10:37:42 INFO  no build target found for /Users/luzm/git/compilerdesign/homework_scala/fp_syntax_analysis/src/main/scala/sutd/compiler/regexcompile/Lexer.scala. Using presentation compiler with project's scala-library version: 3.3.3
2024.09.09 10:37:43 INFO  no build target found for /Users/luzm/git/compilerdesign/homework_scala/fp_syntax_analysis/src/main/scala/sutd/compiler/regexcompile/Lexer.scala. Using presentation compiler with project's scala-library version: 3.3.3
2024.09.09 10:42:09 INFO  no build target found for /Users/luzm/git/compilerdesign/homework_scala/fp_syntax_analysis/src/main/scala/sutd/compiler/regexcompile/Lexer.scala. Using presentation compiler with project's scala-library version: 3.3.3
2024.09.09 10:42:09 INFO  no build target found for /Users/luzm/git/compilerdesign/homework_scala/fp_syntax_analysis/src/test/scala/sutd/compiler/regexcompile/TestLexer.scala. Using presentation compiler with project's scala-library version: 3.3.3
2024.09.09 11:02:11 INFO  no build target found for /Users/luzm/git/compilerdesign/homework_scala/fp_syntax_analysis/src/test/scala/sutd/compiler/regexcompile/TestLexer.scala. Using presentation compiler with project's scala-library version: 3.3.3
2024.09.09 11:02:12 INFO  no build target found for /Users/luzm/git/compilerdesign/homework_scala/fp_syntax_analysis/src/test/scala/sutd/compiler/regexcompile/TestLexer.scala. Using presentation compiler with project's scala-library version: 3.3.3
2024.09.09 11:02:12 INFO  no build target found for /Users/luzm/git/compilerdesign/homework_scala/fp_syntax_analysis/src/test/scala/sutd/compiler/regexcompile/TestLexer.scala. Using presentation compiler with project's scala-library version: 3.3.3
2024.09.09 11:02:15 INFO  no build target found for /Users/luzm/git/compilerdesign/homework_scala/fp_syntax_analysis/src/test/scala/sutd/compiler/regexcompile/TestLexer.scala. Using presentation compiler with project's scala-library version: 3.3.3
2024.09.09 11:02:15 INFO  no build target found for /Users/luzm/git/compilerdesign/homework_scala/fp_syntax_analysis/src/test/scala/sutd/compiler/regexcompile/TestLexer.scala. Using presentation compiler with project's scala-library version: 3.3.3
2024.09.09 11:06:34 INFO  no build target found for /Users/luzm/git/compilerdesign/homework_scala/fp_syntax_analysis/src/test/scala/sutd/compiler/regexcompile/TestLexer.scala. Using presentation compiler with project's scala-library version: 3.3.3
2024.09.09 11:06:34 INFO  no build target found for /Users/luzm/git/compilerdesign/homework_scala/fp_syntax_analysis/src/test/scala/sutd/compiler/regexcompile/TestLexer.scala. Using presentation compiler with project's scala-library version: 3.3.3
2024.09.09 11:06:35 INFO  no build target found for /Users/luzm/git/compilerdesign/homework_scala/fp_syntax_analysis/src/test/scala/sutd/compiler/regexcompile/TestLexer.scala. Using presentation compiler with project's scala-library version: 3.3.3
2024.09.09 11:06:35 INFO  no build target found for /Users/luzm/git/compilerdesign/homework_scala/fp_syntax_analysis/src/test/scala/sutd/compiler/regexcompile/TestLexer.scala. Using presentation compiler with project's scala-library version: 3.3.3
2024.09.09 11:06:36 INFO  no build target found for /Users/luzm/git/compilerdesign/homework_scala/fp_syntax_analysis/src/test/scala/sutd/compiler/regexcompile/TestLexer.scala. Using presentation compiler with project's scala-library version: 3.3.3
2024.09.09 11:08:56 INFO  no build target found for /Users/luzm/git/compilerdesign/homework_scala/fp_syntax_analysis/src/test/scala/sutd/compiler/regexcompile/TestLexer.scala. Using presentation compiler with project's scala-library version: 3.3.3
2024.09.09 11:08:56 INFO  no build target found for /Users/luzm/git/compilerdesign/homework_scala/fp_syntax_analysis/src/test/scala/sutd/compiler/regexcompile/TestLexer.scala. Using presentation compiler with project's scala-library version: 3.3.3
2024.09.09 11:08:56 INFO  no build target found for /Users/luzm/git/compilerdesign/homework_scala/fp_syntax_analysis/src/test/scala/sutd/compiler/regexcompile/TestLexer.scala. Using presentation compiler with project's scala-library version: 3.3.3
2024.09.09 11:08:56 INFO  no build target found for /Users/luzm/git/compilerdesign/homework_scala/fp_syntax_analysis/src/test/scala/sutd/compiler/regexcompile/TestLexer.scala. Using presentation compiler with project's scala-library version: 3.3.3
2024.09.09 11:08:57 INFO  no build target found for /Users/luzm/git/compilerdesign/homework_scala/fp_syntax_analysis/src/test/scala/sutd/compiler/regexcompile/TestLexer.scala. Using presentation compiler with project's scala-library version: 3.3.3
2024.09.09 11:08:57 INFO  no build target found for /Users/luzm/git/compilerdesign/homework_scala/fp_syntax_analysis/src/test/scala/sutd/compiler/regexcompile/TestLexer.scala. Using presentation compiler with project's scala-library version: 3.3.3
2024.09.09 11:08:57 INFO  no build target found for /Users/luzm/git/compilerdesign/homework_scala/fp_syntax_analysis/src/test/scala/sutd/compiler/regexcompile/TestLexer.scala. Using presentation compiler with project's scala-library version: 3.3.3
2024.09.09 11:08:57 INFO  no build target found for /Users/luzm/git/compilerdesign/homework_scala/fp_syntax_analysis/src/test/scala/sutd/compiler/regexcompile/TestLexer.scala. Using presentation compiler with project's scala-library version: 3.3.3
2024.09.09 11:08:59 INFO  no build target found for /Users/luzm/git/compilerdesign/homework_scala/fp_syntax_analysis/src/test/scala/sutd/compiler/regexcompile/TestLexer.scala. Using presentation compiler with project's scala-library version: 3.3.3
2024.09.09 11:08:59 INFO  no build target found for /Users/luzm/git/compilerdesign/homework_scala/fp_syntax_analysis/src/test/scala/sutd/compiler/regexcompile/TestLexer.scala. Using presentation compiler with project's scala-library version: 3.3.3
2024.09.09 11:23:45 INFO  no build target found for /Users/luzm/git/compilerdesign/homework_scala/fp_syntax_analysis/src/test/scala/sutd/compiler/regexcompile/TestLexer.scala. Using presentation compiler with project's scala-library version: 3.3.3
2024.09.09 11:23:45 INFO  no build target found for /Users/luzm/git/compilerdesign/homework_scala/fp_syntax_analysis/src/test/scala/sutd/compiler/regexcompile/TestLexer.scala. Using presentation compiler with project's scala-library version: 3.3.3
2024.09.09 11:23:47 INFO  no build target found for /Users/luzm/git/compilerdesign/homework_scala/fp_syntax_analysis/src/test/scala/sutd/compiler/regexcompile/TestLexer.scala. Using presentation compiler with project's scala-library version: 3.3.3
2024.09.09 11:23:47 INFO  no build target found for /Users/luzm/git/compilerdesign/homework_scala/fp_syntax_analysis/src/test/scala/sutd/compiler/regexcompile/TestLexer.scala. Using presentation compiler with project's scala-library version: 3.3.3
2024.09.09 11:23:50 INFO  no build target found for /Users/luzm/git/compilerdesign/homework_scala/fp_syntax_analysis/src/test/scala/sutd/compiler/regexcompile/TestLexer.scala. Using presentation compiler with project's scala-library version: 3.3.3
2024.09.09 11:23:50 INFO  no build target found for /Users/luzm/git/compilerdesign/homework_scala/fp_syntax_analysis/src/test/scala/sutd/compiler/regexcompile/TestLexer.scala. Using presentation compiler with project's scala-library version: 3.3.3
2024.09.09 11:24:05 INFO  no build target found for /Users/luzm/git/compilerdesign/homework_scala/fp_syntax_analysis/src/test/scala/sutd/compiler/regexcompile/TestLexer.scala. Using presentation compiler with project's scala-library version: 3.3.3
2024.09.09 11:24:05 INFO  no build target found for /Users/luzm/git/compilerdesign/homework_scala/fp_syntax_analysis/src/test/scala/sutd/compiler/regexcompile/TestLexer.scala. Using presentation compiler with project's scala-library version: 3.3.3
2024.09.09 11:24:05 INFO  no build target found for /Users/luzm/git/compilerdesign/homework_scala/fp_syntax_analysis/src/test/scala/sutd/compiler/regexcompile/TestLexer.scala. Using presentation compiler with project's scala-library version: 3.3.3
2024.09.09 11:24:05 INFO  no build target found for /Users/luzm/git/compilerdesign/homework_scala/fp_syntax_analysis/src/test/scala/sutd/compiler/regexcompile/TestLexer.scala. Using presentation compiler with project's scala-library version: 3.3.3
2024.09.09 11:24:07 INFO  no build target found for /Users/luzm/git/compilerdesign/homework_scala/fp_syntax_analysis/src/test/scala/sutd/compiler/regexcompile/TestLexer.scala. Using presentation compiler with project's scala-library version: 3.3.3
2024.09.09 11:24:07 INFO  no build target found for /Users/luzm/git/compilerdesign/homework_scala/fp_syntax_analysis/src/test/scala/sutd/compiler/regexcompile/TestLexer.scala. Using presentation compiler with project's scala-library version: 3.3.3
2024.09.09 11:24:07 INFO  no build target found for /Users/luzm/git/compilerdesign/homework_scala/fp_syntax_analysis/src/test/scala/sutd/compiler/regexcompile/TestLexer.scala. Using presentation compiler with project's scala-library version: 3.3.3
2024.09.09 11:24:07 INFO  no build target found for /Users/luzm/git/compilerdesign/homework_scala/fp_syntax_analysis/src/test/scala/sutd/compiler/regexcompile/TestLexer.scala. Using presentation compiler with project's scala-library version: 3.3.3
2024.09.09 11:24:07 INFO  no build target found for /Users/luzm/git/compilerdesign/homework_scala/fp_syntax_analysis/src/test/scala/sutd/compiler/regexcompile/TestLexer.scala. Using presentation compiler with project's scala-library version: 3.3.3
2024.09.09 11:24:07 INFO  no build target found for /Users/luzm/git/compilerdesign/homework_scala/fp_syntax_analysis/src/test/scala/sutd/compiler/regexcompile/TestLexer.scala. Using presentation compiler with project's scala-library version: 3.3.3
2024.09.09 11:24:07 INFO  no build target found for /Users/luzm/git/compilerdesign/homework_scala/fp_syntax_analysis/src/test/scala/sutd/compiler/regexcompile/TestLexer.scala. Using presentation compiler with project's scala-library version: 3.3.3
2024.09.09 11:24:07 INFO  no build target found for /Users/luzm/git/compilerdesign/homework_scala/fp_syntax_analysis/src/test/scala/sutd/compiler/regexcompile/TestLexer.scala. Using presentation compiler with project's scala-library version: 3.3.3
2024.09.09 11:24:59 INFO  no build target found for /Users/luzm/git/compilerdesign/homework_scala/fp_syntax_analysis/src/test/scala/sutd/compiler/regexcompile/TestLexer.scala. Using presentation compiler with project's scala-library version: 3.3.3
2024.09.09 11:25:01 INFO  no build target found for /Users/luzm/git/compilerdesign/homework_scala/fp_syntax_analysis/src/test/scala/sutd/compiler/regexcompile/TestLexer.scala. Using presentation compiler with project's scala-library version: 3.3.3
2024.09.09 11:25:01 INFO  no build target found for /Users/luzm/git/compilerdesign/homework_scala/fp_syntax_analysis/src/test/scala/sutd/compiler/regexcompile/TestLexer.scala. Using presentation compiler with project's scala-library version: 3.3.3
2024.09.09 11:25:01 INFO  no build target found for /Users/luzm/git/compilerdesign/homework_scala/fp_syntax_analysis/src/test/scala/sutd/compiler/regexcompile/TestLexer.scala. Using presentation compiler with project's scala-library version: 3.3.3
2024.09.09 11:25:02 INFO  no build target found for /Users/luzm/git/compilerdesign/homework_scala/fp_syntax_analysis/src/test/scala/sutd/compiler/regexcompile/TestLexer.scala. Using presentation compiler with project's scala-library version: 3.3.3
2024.09.09 11:25:01 INFO  no build target found for /Users/luzm/git/compilerdesign/homework_scala/fp_syntax_analysis/src/test/scala/sutd/compiler/regexcompile/TestLexer.scala. Using presentation compiler with project's scala-library version: 3.3.3
2024.09.09 11:25:15 INFO  no build target found for /Users/luzm/git/compilerdesign/homework_scala/fp_syntax_analysis/src/test/scala/sutd/compiler/regexcompile/TestLexer.scala. Using presentation compiler with project's scala-library version: 3.3.3
2024.09.09 11:25:15 INFO  no build target found for /Users/luzm/git/compilerdesign/homework_scala/fp_syntax_analysis/src/test/scala/sutd/compiler/regexcompile/TestLexer.scala. Using presentation compiler with project's scala-library version: 3.3.3
2024.09.09 11:25:15 INFO  no build target found for /Users/luzm/git/compilerdesign/homework_scala/fp_syntax_analysis/src/test/scala/sutd/compiler/regexcompile/TestLexer.scala. Using presentation compiler with project's scala-library version: 3.3.3
2024.09.09 11:35:11 INFO  no build target found for /Users/luzm/git/compilerdesign/homework_scala/fp_syntax_analysis/src/test/scala/sutd/compiler/regexcompile/TestLexer.scala. Using presentation compiler with project's scala-library version: 3.3.3
2024.09.09 11:35:28 INFO  no build target found for /Users/luzm/git/compilerdesign/homework_scala/fp_syntax_analysis/src/test/scala/sutd/compiler/regexcompile/TestLexer.scala. Using presentation compiler with project's scala-library version: 3.3.3
2024.09.09 11:35:34 INFO  no build target found for /Users/luzm/git/compilerdesign/homework_scala/fp_syntax_analysis/src/test/scala/sutd/compiler/regexcompile/TestLexer.scala. Using presentation compiler with project's scala-library version: 3.3.3
2024.09.09 11:35:34 INFO  no build target found for /Users/luzm/git/compilerdesign/homework_scala/fp_syntax_analysis/src/test/scala/sutd/compiler/regexcompile/TestLexer.scala. Using presentation compiler with project's scala-library version: 3.3.3
2024.09.09 11:35:34 INFO  no build target found for /Users/luzm/git/compilerdesign/homework_scala/fp_syntax_analysis/src/test/scala/sutd/compiler/regexcompile/TestLexer.scala. Using presentation compiler with project's scala-library version: 3.3.3
2024.09.09 11:35:35 INFO  no build target found for /Users/luzm/git/compilerdesign/homework_scala/fp_syntax_analysis/src/test/scala/sutd/compiler/regexcompile/TestLexer.scala. Using presentation compiler with project's scala-library version: 3.3.3
2024.09.09 11:35:35 INFO  no build target found for /Users/luzm/git/compilerdesign/homework_scala/fp_syntax_analysis/src/test/scala/sutd/compiler/regexcompile/TestLexer.scala. Using presentation compiler with project's scala-library version: 3.3.3
2024.09.09 11:35:41 INFO  no build target found for /Users/luzm/git/compilerdesign/homework_scala/fp_syntax_analysis/src/test/scala/sutd/compiler/regexcompile/TestLexer.scala. Using presentation compiler with project's scala-library version: 3.3.3
2024.09.09 11:56:25 INFO  no build target found for /Users/luzm/git/compilerdesign/homework_scala/fp_syntax_analysis/src/test/scala/sutd/compiler/regexcompile/TestLexer.scala. Using presentation compiler with project's scala-library version: 3.3.3
2024.09.09 11:56:29 INFO  no build target found for /Users/luzm/git/compilerdesign/homework_scala/fp_syntax_analysis/src/main/scala/sutd/compiler/regexcompile/Parser.scala. Using presentation compiler with project's scala-library version: 3.3.3
2024.09.09 13:21:03 INFO  no build target found for /Users/luzm/git/compilerdesign/homework_scala/fp_syntax_analysis/src/main/scala/sutd/compiler/regexcompile/Parser.scala. Using presentation compiler with project's scala-library version: 3.3.3
2024.09.09 13:38:44 INFO  no build target found for /Users/luzm/git/compilerdesign/homework_scala/fp_syntax_analysis/src/main/scala/sutd/compiler/regexcompile/Parser.scala. Using presentation compiler with project's scala-library version: 3.3.3
2024.09.09 13:38:44 INFO  no build target found for /Users/luzm/git/compilerdesign/homework_scala/fp_syntax_analysis/src/main/scala/sutd/compiler/regexcompile/Parser.scala. Using presentation compiler with project's scala-library version: 3.3.3
2024.09.09 13:38:45 INFO  no build target found for /Users/luzm/git/compilerdesign/homework_scala/fp_syntax_analysis/src/main/scala/sutd/compiler/regexcompile/Parser.scala. Using presentation compiler with project's scala-library version: 3.3.3
2024.09.09 13:38:45 INFO  no build target found for /Users/luzm/git/compilerdesign/homework_scala/fp_syntax_analysis/src/main/scala/sutd/compiler/regexcompile/Parser.scala. Using presentation compiler with project's scala-library version: 3.3.3
2024.09.09 13:38:45 INFO  no build target found for /Users/luzm/git/compilerdesign/homework_scala/fp_syntax_analysis/src/main/scala/sutd/compiler/regexcompile/Parser.scala. Using presentation compiler with project's scala-library version: 3.3.3
2024.09.09 14:39:18 INFO  Shutting down server
2024.09.09 14:39:18 INFO  shutting down Metals
2024.09.09 14:39:18 INFO  Exiting server
2024.09.09 15:20:56 INFO  Started: Metals version 1.3.5 in folders '/Users/luzm/git/compilerdesign/homework_scala/fp_syntax_analysis' for client Visual Studio Code 1.92.2.
SLF4J(W): Class path contains multiple SLF4J providers.
SLF4J(W): Found provider [scribe.slf4j.ScribeServiceProvider@6ac91c62]
SLF4J(W): Found provider [ch.qos.logback.classic.spi.LogbackServiceProvider@2fa5841b]
SLF4J(W): See https://www.slf4j.org/codes.html#multiple_bindings for an explanation.
SLF4J(I): Actual provider is of type [scribe.slf4j.ScribeServiceProvider@6ac91c62]
2024.09.09 15:20:56 WARN  Flyway upgrade recommended: H2 2.3.230 is newer than this version of Flyway and support has not been tested. The latest supported version of H2 is 2.2.220.
2024.09.09 15:20:57 INFO  no build target found for /Users/luzm/git/compilerdesign/homework_scala/fp_syntax_analysis/src/main/scala/sutd/compiler/regexcompile/Parser.scala. Using presentation compiler with project's scala-library version: 3.3.3
Sep 09, 2024 3:20:57 PM org.eclipse.lsp4j.jsonrpc.services.GenericEndpoint notify
INFO: Unsupported notification method: $/setTrace
Sep 09, 2024 3:20:57 PM org.eclipse.lsp4j.jsonrpc.RemoteEndpoint handleCancellation
WARNING: Unmatched cancel notification for request id 2
2024.09.09 15:20:57 INFO  no build target found for /Users/luzm/git/compilerdesign/homework_scala/fp_syntax_analysis/src/main/scala/sutd/compiler/regexcompile/Parser.scala. Using presentation compiler with project's scala-library version: 3.3.3
Sep 09, 2024 3:20:57 PM org.eclipse.lsp4j.jsonrpc.services.GenericEndpoint notify
INFO: Unsupported notification method: $/setTrace
2024.09.09 16:13:57 INFO  Shutting down server
2024.09.09 16:13:57 INFO  shutting down Metals
2024.09.09 16:13:57 INFO  Exiting server
